[T_0,BEGIN]
[T_0,X:111111111,(111111111, Yone1, 232-188-7281)]
[T_0,COMMIT]
[T_1,BEGIN]
[T_1,COMMIT]
[T_0,BEGIN]
[T_0,X:111111111,(111111111, Yone1, 232-188-7281)]
[T_0,X:111111112,(111111112, Yone1, 232-188-7281)]
[T_0,X:111111113,(111111113, Yone1, 232-188-7281)]
[T_0,X:111111114,(111111114, Yone1, 232-188-7281)]
[T_0,COMMIT]
[T_1,BEGIN]
[T_1,COMMIT]
[T_0, DEADLOCK ABORT]
[T_0,BEGIN]
[T_0,COMMIT]
[T_0, DEADLOCK ABORT]
[T_0,BEGIN]
[T_0,COMMIT]
[T_0,BEGIN]
[T_0,X:5,(5,John,412-111-2222)]
[T_0,X:5,(5,Ben,412-111-2222)]
[T_0,X:6,(6,Ann,412-222-1111)]
[T_0,X:6,(6,Jack,412-222-1111)]
[T_0,X:6,(6,Mike,412-222-1111)]
[T_0,X:ERASE7]
[T_0,X:ERASE6]
[T_0,X,DELETED]
[T_0,X:6,(6,Ann,412-222-1111)]
[T_0,Y:10,(10,Mary,412-333-3333)]
[T_0,Y:11,(11,Paul,412-444-4444)]
[T_0,COMMIT]
[T_2,BEGIN]
[T_2,X:5,(5,John,412-111-2222)]
[T_2,COMMIT]
[T_5,BEGIN]
[T_5,X:5,(5,Ben,412-111-2222)]
[T_5,COMMIT]
[T_7,BEGIN]
[T_7,X:6,(6,Ann,412-222-1111)]
[T_7,COMMIT]
[T_9,BEGIN]
[T_9,X:6,(6,Jack,412-222-1111)]
[T_9,COMMIT]
[T_10,BEGIN]
[T_10,X:6,(6,Mike,412-222-1111)]
[T_10,COMMIT]
[T_12,BEGIN]
[T_12,X:ERASE7]
[T_12,COMMIT]
[T_13,BEGIN]
[T_13,X:ERASE6]
[T_13,COMMIT]
[T_15,BEGIN]
[T_15,X,DELETED]
[T_15,COMMIT]
[T_17,BEGIN]
[T_17,X:6,(6,Ann,412-222-1111)]
[T_17,COMMIT]
[T_19,BEGIN]
[T_19,COMMIT]
[T_20,BEGIN]
[T_20,Y:10,(10,Mary,412-333-3333)]
[T_20,COMMIT]
[T_21,BEGIN]
[T_21,Y:11,(11,Paul,412-444-4444)]
[T_21,COMMIT]
[T_22,BEGIN]
[T_22,COMMIT]
[T_2,BEGIN]
[T_2,X:6,(6,Ann,413-111-1111)]
[T_2,COMMIT]
[T_3,BEGIN]
[T_3,X:5,(5,John,412-111-1111)]
[T_3,COMMIT]
[T_1, DEADLOCK ABORT]
[T_1,BEGIN]
[T_1,X:5,(5,John,412-111-1111)]
[T_1,COMMIT]
[T_1, DEADLOCK ABORT]
[T_1,BEGIN]
[T_1,X:5,(5,John,412-111-1111)]
[T_1,COMMIT]
[T_1, DEADLOCK ABORT]
[T_1,BEGIN]
[T_1,X:5,(5,John,412-111-1111)]
[T_1,COMMIT]
[T_1, DEADLOCK ABORT]
[T_1,BEGIN]
[T_1,X:5,(5,John,412-111-1111)]
[T_1,COMMIT]

[T_3,BEGIN]
[T_3,X:5,(5,John,412-111-2222)]
[T_3,X:5,(5,Ben,412-111-2222)]
[T_3,X:6,(6,Ann,412-222-1111)]
[T_3,X:6,(6,Jack,412-222-1111)]
[T_3,X:6,(6,Mike,412-222-1111)]
[T_3,X:ERASE7]
[T_3,X:ERASE6]
[T_3,X:6,(6,Ann,412-222-1111)]
[T_3,Y:10,(10,Mary,412-333-3333)]
[T_3,Y:11,(11,Paul,412-444-4444)]
[T_3,COMMIT]

[T_3,BEGIN]
[T_3,X:4,(4,John,412-111-2222)]
[T_3,X:5,(5,Ben,412-111-2222)]
[T_3,X:6,(6,Ann,412-222-1111)]
[T_3,X:6,(6,Jack,412-222-1111)]
[T_3,X:6,(6,Mike,412-222-1111)]
[T_3,X:ERASE7]
[T_3,X:ERASE6]
[T_3,X:6,(6,Ann,412-222-1111)]
[T_3,Y:10,(10,Mary,412-333-3333)]
[T_3,Y:11,(11,Paul,412-444-4444)]
[T_3,COMMIT]

[T_3,BEGIN]
[T_3,X:4,(4,John,412-111-2222)]
[T_3,X:5,(5,Ben,412-111-2222)]
[T_3,X:6,(6,Ann,412-222-1111)]
[T_3,X:6,(6,Jack,412-222-1111)]
[T_3,X:6,(6,Mike,412-222-1111)]
[T_3,X:ERASE7]
[T_3,X:ERASE6]
[T_3,X:6,(6,Ann,412-222-1111)]
[T_3,Y:10,(10,Mary,412-333-3333)]
[T_3,Y:11,(11,Paul,412-444-4444)]
[T_3,COMMIT]

[T_3,BEGIN]
[T_3,X:4,(4,John,412-111-2222)]
[T_3,X:5,(5,Ben,412-111-2222)]
[T_3,X:6,(6,Ann,412-222-1111)]
[T_3,X:6,(6,Jack,412-222-1111)]
[T_3,X:6,(6,Mike,412-222-1111)]
[T_3,X:ERASE7]
[T_3,X:ERASE6]
[T_3,X:6,(6,Ann,412-222-1111)]
[T_3,Y:10,(10,Mary,412-333-3333)]
[T_3,Y:11,(11,Paul,412-444-4444)]
[T_3,COMMIT]

[T_2,BEGIN]
[T_2,X:5,(5,John,412-111-2222)]
[T_2,X:5,(5,Ben,412-111-2222)]
[T_2,X:6,(6,Ann,412-222-1111)]
[T_2,X:6,(6,Jack,412-222-1111)]
[T_2,X:6,(6,Mike,412-222-1111)]
[T_2,X:ERASE7]
[T_2,X:ERASE6]
[T_2,X:6,(6,Ann,412-222-1111)]
[T_2,Y:10,(10,Mary,412-333-3333)]
[T_2,Y:11,(11,Paul,412-444-4444)]
[T_2,COMMIT]
[T_4, DEADLOCK ABORT]

[T_4,BEGIN]
[T_4,X:5,(5,John,412-111-2222)]
[T_4,X:5,(5,Ben,412-111-2222)]
[T_4,X:6,(6,Ann,412-222-1111)]
[T_4,X:6,(6,Jack,412-222-1111)]
[T_4,X:6,(6,Mike,412-222-1111)]
[T_4,X:ERASE7]
[T_4,X:ERASE6]
[T_4,X:6,(6,Ann,412-222-1111)]
[T_4,Y:10,(10,Mary,412-333-3333)]
[T_4,Y:11,(11,Paul,412-444-4444)]
[T_4,COMMIT]
[T_4, DEADLOCK ABORT]

[T_4,BEGIN]
[T_4,X:5,(5,John,412-111-2222)]
[T_4,X:5,(5,Ben,412-111-2222)]
[T_4,X:6,(6,Ann,412-222-1111)]
[T_4,X:6,(6,Jack,412-222-1111)]
[T_4,X:6,(6,Mike,412-222-1111)]
[T_4,X:ERASE7]
[T_4,X:ERASE6]
[T_4,X:6,(6,Ann,412-222-1111)]
[T_4,Y:10,(10,Mary,412-333-3333)]
[T_4,Y:11,(11,Paul,412-444-4444)]
[T_4,COMMIT]
[T_4, DEADLOCK ABORT]

[T_4,BEGIN]
[T_4,X:5,(5,John,412-111-2222)]
[T_4,X:5,(5,Ben,412-111-2222)]
[T_4,X:6,(6,Ann,412-222-1111)]
[T_4,X:6,(6,Jack,412-222-1111)]
[T_4,X:6,(6,Mike,412-222-1111)]
[T_4,X:ERASE7]
[T_4,X:ERASE6]
[T_4,X:6,(6,Ann,412-222-1111)]
[T_4,Y:10,(10,Mary,412-333-3333)]
[T_4,Y:11,(11,Paul,412-444-4444)]
[T_4,COMMIT]
[T_4, DEADLOCK ABORT]

[T_4,BEGIN]
[T_4,X:5,(5,John,412-111-2222)]
[T_4,X:5,(5,Ben,412-111-2222)]
[T_4,X:6,(6,Ann,412-222-1111)]
[T_4,X:6,(6,Jack,412-222-1111)]
[T_4,X:6,(6,Mike,412-222-1111)]
[T_4,X:ERASE7]
[T_4,X:ERASE6]
[T_4,X:6,(6,Ann,412-222-1111)]
[T_4,Y:10,(10,Mary,412-333-3333)]
[T_4,Y:11,(11,Paul,412-444-4444)]
[T_4,COMMIT]
[T_4, DEADLOCK ABORT]

[T_4,BEGIN]
[T_4,X:5,(5,John,412-111-2222)]
[T_4,X:5,(5,Ben,412-111-2222)]
[T_4,X:6,(6,Ann,412-222-1111)]
[T_4,X:6,(6,Jack,412-222-1111)]
[T_4,X:6,(6,Mike,412-222-1111)]
[T_4,X:ERASE7]
[T_4,X:ERASE6]
[T_4,X:6,(6,Ann,412-222-1111)]
[T_4,Y:10,(10,Mary,412-333-3333)]
[T_4,Y:11,(11,Paul,412-444-4444)]
[T_4,COMMIT]
[T_4, DEADLOCK ABORT]

[T_4,BEGIN]
[T_4,X:5,(5,John,412-111-2222)]
[T_4,X:5,(5,Ben,412-111-2222)]
[T_4,X:6,(6,Ann,412-222-1111)]
[T_4,X:6,(6,Jack,412-222-1111)]
[T_4,X:6,(6,Mike,412-222-1111)]
[T_4,X:ERASE7]
[T_4,X:ERASE6]
[T_4,X:6,(6,Ann,412-222-1111)]
[T_4,Y:10,(10,Mary,412-333-3333)]
[T_4,Y:11,(11,Paul,412-444-4444)]
[T_4,COMMIT]
[T_4, DEADLOCK ABORT]

[T_4,BEGIN]
[T_4,X:5,(5,John,412-111-2222)]
[T_4,X:5,(5,Ben,412-111-2222)]
[T_4,X:6,(6,Ann,412-222-1111)]
[T_4,X:6,(6,Jack,412-222-1111)]
[T_4,X:6,(6,Mike,412-222-1111)]
[T_4,X:ERASE7]
[T_4,X:ERASE6]
[T_4,X:6,(6,Ann,412-222-1111)]
[T_4,Y:10,(10,Mary,412-333-3333)]
[T_4,Y:11,(11,Paul,412-444-4444)]
[T_4,COMMIT]
[T_4, DEADLOCK ABORT]

[T_4,BEGIN]
[T_4,X:5,(5,John,412-111-2222)]
[T_4,X:5,(5,Ben,412-111-2222)]
[T_4,X:6,(6,Ann,412-222-1111)]
[T_4,X:6,(6,Jack,412-222-1111)]
[T_4,X:6,(6,Mike,412-222-1111)]
[T_4,X:ERASE7]
[T_4,X:ERASE6]
[T_4,X:6,(6,Ann,412-222-1111)]
[T_4,Y:10,(10,Mary,412-333-3333)]
[T_4,Y:11,(11,Paul,412-444-4444)]
[T_4,COMMIT]
[T_4, DEADLOCK ABORT]

[T_4,BEGIN]
[T_4,X:5,(5,John,412-111-2222)]
[T_4,X:5,(5,Ben,412-111-2222)]
[T_4,X:6,(6,Ann,412-222-1111)]
[T_4,X:6,(6,Jack,412-222-1111)]
[T_4,X:6,(6,Mike,412-222-1111)]
[T_4,X:ERASE7]
[T_4,X:ERASE6]
[T_4,X:6,(6,Ann,412-222-1111)]
[T_4,Y:10,(10,Mary,412-333-3333)]
[T_4,Y:11,(11,Paul,412-444-4444)]
[T_4,COMMIT]
[T_4, DEADLOCK ABORT]

[T_4,BEGIN]
[T_4,X:5,(5,John,412-111-2222)]
[T_4,X:5,(5,Ben,412-111-2222)]
[T_4,X:6,(6,Ann,412-222-1111)]
[T_4,X:6,(6,Jack,412-222-1111)]
[T_4,X:6,(6,Mike,412-222-1111)]
[T_4,X:ERASE7]
[T_4,X:ERASE6]
[T_4,X:6,(6,Ann,412-222-1111)]
[T_4,Y:10,(10,Mary,412-333-3333)]
[T_4,Y:11,(11,Paul,412-444-4444)]
[T_4,COMMIT]
[T_4, DEADLOCK ABORT]
[T_4, DEADLOCK ABORT]

[T_4,BEGIN]
[T_4,X:5,(5,John,412-111-2222)]
[T_4,X:5,(5,Ben,412-111-2222)]
[T_4,X:6,(6,Ann,412-222-1111)]
[T_4,X:6,(6,Jack,412-222-1111)]
[T_4,X:6,(6,Mike,412-222-1111)]
[T_4,X:ERASE7]
[T_4,X:ERASE6]
[T_4,X:6,(6,Ann,412-222-1111)]
[T_4,Y:10,(10,Mary,412-333-3333)]
[T_4,Y:11,(11,Paul,412-444-4444)]
[T_4,COMMIT]
[T_4, DEADLOCK ABORT]

[T_4,BEGIN]
[T_4,X:5,(5,John,412-111-2222)]
[T_4,X:5,(5,Ben,412-111-2222)]
[T_4,X:6,(6,Ann,412-222-1111)]
[T_4,X:6,(6,Jack,412-222-1111)]
[T_4,X:6,(6,Mike,412-222-1111)]
[T_4,X:ERASE7]
[T_4,X:ERASE6]
[T_4,X:6,(6,Ann,412-222-1111)]
[T_4,Y:10,(10,Mary,412-333-3333)]
[T_4,Y:11,(11,Paul,412-444-4444)]
[T_4,COMMIT]
