B 1
I X (111111111,Yone1,232-188-7281)
C
Failed: C
B 1
R X 111111111
Failed: R X 111111111
R X 111111111
Failed: R X 111111111
R X 111111111
Failed: R X 111111111
R X 111111111
Failed: R X 111111111
R X 111111111
Failed: R X 111111111
R X 111111111
Failed: R X 111111111
R X 111111111
Failed: R X 111111111
R X 111111111
Failed: R X 111111111
R X 111111111
Failed: R X 111111111
R X 111111111
Failed: R X 111111111
R X 111111111
Failed: R X 111111111
R X 111111111
Failed: R X 111111111
R X 111111111
Failed: R X 111111111
R X 111111111
Failed: R X 111111111
R X 111111111
Failed: R X 111111111
R X 111111111
Failed: R X 111111111
R X 111111111
Failed: R X 111111111
R X 111111111
Failed: R X 111111111
R X 111111111
Failed: R X 111111111
R X 111111111
Failed: R X 111111111
R X 111111111
Failed: R X 111111111
R X 111111111
Failed: R X 111111111
R X 111111111
Failed: R X 111111111
R X 111111111
Failed: R X 111111111
R X 111111111
Failed: R X 111111111
R X 111111111
Failed: R X 111111111
R X 111111111
Failed: R X 111111111
R X 111111111
Failed: R X 111111111
R X 111111111
Failed: R X 111111111
R X 111111111
Failed: R X 111111111
R X 111111111
Failed: R X 111111111
R X 111111111
Failed: R X 111111111
R X 111111111
Failed: R X 111111111
R X 111111111
Failed: R X 111111111
R X 111111111
Failed: R X 111111111
R X 111111111
Failed: R X 111111111
C
Failed: C

B 1
I X (111111111,Yone1,232-188-7281)
C
Failed: C
B 1
R X 111111111
Failed: R X 111111111
R X 111111111
Failed: R X 111111111
R X 111111111
Failed: R X 111111111
R X 111111111
Failed: R X 111111111
R X 111111111
Failed: R X 111111111
R X 111111111
Failed: R X 111111111
R X 111111111
Failed: R X 111111111
R X 111111111
Failed: R X 111111111
R X 111111111
Failed: R X 111111111
R X 111111111
Failed: R X 111111111
R X 111111111
Failed: R X 111111111
R X 111111111
Failed: R X 111111111
R X 111111111
Failed: R X 111111111
R X 111111111
Failed: R X 111111111
R X 111111111
Failed: R X 111111111
R X 111111111
Failed: R X 111111111
R X 111111111
Failed: R X 111111111
R X 111111111
Failed: R X 111111111
R X 111111111
Failed: R X 111111111
R X 111111111
Failed: R X 111111111
R X 111111111
Failed: R X 111111111
R X 111111111
Failed: R X 111111111
R X 111111111
Failed: R X 111111111
R X 111111111
Failed: R X 111111111
R X 111111111
Failed: R X 111111111
R X 111111111
Failed: R X 111111111
R X 111111111
Failed: R X 111111111
R X 111111111
Failed: R X 111111111
R X 111111111
Failed: R X 111111111
R X 111111111
Failed: R X 111111111
R X 111111111
Failed: R X 111111111
R X 111111111
Failed: R X 111111111
R X 111111111
Failed: R X 111111111
R X 111111111
Failed: R X 111111111
R X 111111111
Failed: R X 111111111
R X 111111111
Failed: R X 111111111
C
Failed: C

B 1
I X (111111111,Yone1,232-188-7281)
C
Failed: C
B 1
R X 111111111
Failed: R X 111111111
R X 111111111
Failed: R X 111111111
R X 111111111
Failed: R X 111111111
R X 111111111
Failed: R X 111111111
R X 111111111
Failed: R X 111111111
R X 111111111
Failed: R X 111111111
R X 111111111
Failed: R X 111111111
R X 111111111
Failed: R X 111111111
R X 111111111
Failed: R X 111111111
R X 111111111
Failed: R X 111111111
R X 111111111
Failed: R X 111111111
R X 111111111
Failed: R X 111111111
R X 111111111
Failed: R X 111111111
R X 111111111
Failed: R X 111111111
R X 111111111
Failed: R X 111111111
R X 111111111
Failed: R X 111111111
R X 111111111
Failed: R X 111111111
R X 111111111
Failed: R X 111111111
R X 111111111
Failed: R X 111111111
R X 111111111
Failed: R X 111111111
R X 111111111
Failed: R X 111111111
R X 111111111
Failed: R X 111111111
R X 111111111
Failed: R X 111111111
R X 111111111
Failed: R X 111111111
R X 111111111
Failed: R X 111111111
R X 111111111
Failed: R X 111111111
R X 111111111
Failed: R X 111111111
R X 111111111
Failed: R X 111111111
R X 111111111
Failed: R X 111111111
R X 111111111
Failed: R X 111111111
R X 111111111
Failed: R X 111111111
R X 111111111
Failed: R X 111111111
R X 111111111
Failed: R X 111111111
R X 111111111
Failed: R X 111111111
R X 111111111
Failed: R X 111111111
R X 111111111
Failed: R X 111111111
C
Failed: C

B 1
I X (111111111,Yone1,232-188-7281)
C
B 1
R X 111111111
R X 111111111
R X 111111111
R X 111111111
R X 111111111
R X 111111111
R X 111111111
R X 111111111
R X 111111111
R X 111111111
R X 111111111
R X 111111111
R X 111111111
R X 111111111
R X 111111111
R X 111111111
R X 111111111
R X 111111111
R X 111111111
R X 111111111
R X 111111111
R X 111111111
R X 111111111
R X 111111111
R X 111111111
R X 111111111
R X 111111111
R X 111111111
R X 111111111
R X 111111111
R X 111111111
R X 111111111
R X 111111111
R X 111111111
R X 111111111
R X 111111111
C

B 1
I X (111111111,Yone1,232-188-7281)
I X (111111112,Yone1,232-188-7281)
I X (111111113,Yone1,232-188-7281)
I X (111111114,Yone1,232-188-7281)
C
B 1
R X 111111111
R X 111111111
R X 111111111
R X 111111111
R X 111111111
R X 111111111
R X 111111111
R X 111111111
R X 111111111
R X 111111111
R X 111111111
R X 111111111
R X 111111111
R X 111111111
R X 111111111
R X 111111111
R X 111111111
R X 111111111
R X 111111111
R X 111111111
R X 111111111
R X 111111111
R X 111111111
R X 111111111
R X 111111111
R X 111111111
R X 111111111
R X 111111111
R X 111111111
R X 111111111
R X 111111111
R X 111111111
R X 111111111
R X 111111111
R X 111111111
R X 111111111
C

B 1
R X 5
Failed: R X 5
W X (5,John,412-111-2222)
W X (5,John,412-111-2222)
W X (5,John,412-111-2222)
W X (5,John,412-111-2222)
W X (5,John,412-111-2222)
W X (5,John,412-111-2222)
W X (5,John,412-111-2222)
W X (5,John,412-111-2222)

B 1
R X 5
Failed: R X 5
W X (5,John,412-111-2222)
W X (5,John,412-111-2222)
W X (5,John,412-111-2222)
W X (5,John,412-111-2222)
W X (5,John,412-111-2222)
W X (5,John,412-111-2222)
W X (5,John,412-111-2222)
W X (5,John,412-111-2222)

B 1
R X 5
Failed: R X 5
W X (5,John,412-111-2222)
R X 5
R X 6
Failed: R X 6
W X (5,Ben,412-111-2222)
R X 5
W X (6,Ann,412-222-1111)
R X 6
W X (6,Jack,412-222-1111)
W X (6,Mike,412-222-1111)
R X 6
E X 7
E X 6
R X 6
Failed: R X 6
D X
R X 6
Failed: R X 6
W X (6,Ann,412-222-1111)
R X 6
M Y 412
Failed: M Y 412
W Y (10,Mary,412-333-3333)
W Y (11,Paul,412-444-4444)
M Y 412
C
Failed: C

B 1
R X 5
Failed: R X 5
W X (5,John,412-111-2222)
R X 5
R X 6
Failed: R X 6
W X (5,Ben,412-111-2222)
R X 5
W X (6,Ann,412-222-1111)
R X 6
W X (6,Jack,412-222-1111)
W X (6,Mike,412-222-1111)
R X 6
E X 7
E X 6
R X 6
Failed: R X 6
D X
R X 6
Failed: R X 6
W X (6,Ann,412-222-1111)
R X 6
M Y 412
Failed: M Y 412
W Y (10,Mary,412-333-3333)
W Y (11,Paul,412-444-4444)
M Y 412
C
Failed: C

B 1
R X 5
Failed: R X 5
W X (5,John,412-111-2222)
R X 5
R X 6
Failed: R X 6
W X (5,Ben,412-111-2222)
R X 5
W X (6,Ann,412-222-1111)
R X 6
W X (6,Jack,412-222-1111)
W X (6,Mike,412-222-1111)
R X 6
E X 7
E X 6
R X 6
Failed: R X 6
D X
R X 6
Failed: R X 6
W X (6,Ann,412-222-1111)
R X 6
M Y 412
Failed: M Y 412
W Y (10,Mary,412-333-3333)
W Y (11,Paul,412-444-4444)
M Y 412
C

B 0
R X 5
Failed: R X 5
W X (5,John,412-111-2222)
R X 5
Failed: R X 5
R X 6
Failed: R X 6
W X (5,Ben,412-111-2222)
R X 5
Failed: R X 5
W X (6,Ann,412-222-1111)
R X 6
Failed: R X 6
W X (6,Jack,412-222-1111)
W X (6,Mike,412-222-1111)
R X 6
Failed: R X 6
E X 7
E X 6
R X 6
Failed: R X 6
D X
R X 6
Failed: R X 6
W X (6,Ann,412-222-1111)
R X 6
Failed: R X 6
M Y 412
W Y (10,Mary,412-333-3333)
W Y (11,Paul,412-444-4444)
M Y 412
C

B 0
B 0
W X (6,Ann,413-111-1111)
W X (5,John,412-111-1111)
R X 5
Failed: R X 5
R X 6
Failed: R X 6

B 0
B 0
W X (6,Ann,413-111-1111)
W X (5,John,412-111-1111)
R X 5
Failed: R X 5
R X 6
Failed: R X 6


B 1
B 1
W X (6,Ann,413-111-1111)
W X (5,John,412-111-1111)
R X 5
R X 6
R X 5
R X 6
R X 5
R X 6
Failed: R X 6

B 1
B 1
W X (6,Ann,413-111-1111)
W X (5,John,412-111-1111)
R X 5
R X 6
R X 5
R X 6
R X 5
R X 6
Failed: R X 6

C
The end of the file has been reached.

B 1
B 1
W X (6,Ann,413-111-1111)
W X (5,John,412-111-1111)
R X 5
R X 6
R X 5
R X 6
R X 5
R X 6
Failed: R X 6

B 1
B 1
W X (6,Ann,413-111-1111)
W X (5,John,412-111-1111)
R X 5
R X 6
R X 5
R X 6
R X 5
R X 6
Failed: R X 6

C
The end of the file has been reached.

B 1
B 1
W X (6,Ann,413-111-1111)
W X (5,John,412-111-1111)
R X 5
R X 6
R X 5
R X 6
R X 5
R X 6
Failed: R X 6

B 1
B 1
W X (6,Ann,413-111-1111)
W X (5,John,412-111-1111)
R X 5
R X 6
R X 5
R X 6
R X 5
R X 6
Failed: R X 6

C
The end of the file has been reached.

B 1
B 1
W X (6,Ann,413-111-1111)
W X (5,John,412-111-1111)
R X 5
R X 6
R X 5
R X 6
R X 5
R X 6
Failed: R X 6

B 1
B 1
W X (6,Ann,413-111-1111)
W X (5,John,412-111-1111)
R X 5
R X 6
R X 5
R X 6
R X 5
R X 6
Failed: R X 6

C
The end of the file has been reached.

B 1
R X 5
Failed: R X 5
W X (5,John,412-111-2222)
R X 5
(5, John, 412-111-2222)
R X 6
Failed: R X 6
W X (5,Ben,412-111-2222)
R X 5
(5, Ben, 412-111-2222)
W X (6,Ann,412-222-1111)
R X 6
(6, Ann, 412-222-1111)
W X (6,Jack,412-222-1111)
W X (6,Mike,412-222-1111)
R X 6
(6, Mike, 412-222-1111)
E X 7
E X 6
R X 6
Failed: R X 6
R X 6
Failed: R X 6
W X (6,Ann,412-222-1111)
R X 6
(6, Ann, 412-222-1111)
M Y 412
Failed: M Y 412
W Y (10,Mary,412-333-3333)
W Y (11,Paul,412-444-4444)
M Y 412
[LLSM.Record;@27c170f0
A
B 1
R X 5
Failed: R X 5
W X (5,John,412-111-2222)
R X 5
(5, John, 412-111-2222)
R X 6
Failed: R X 6
W X (5,Ben,412-111-2222)
R X 5
(5, Ben, 412-111-2222)
W X (6,Ann,412-222-1111)
R X 6
(6, Ann, 412-222-1111)
W X (6,Jack,412-222-1111)
W X (6,Mike,412-222-1111)
R X 6
(6, Mike, 412-222-1111)
E X 7
E X 6
R X 6
Failed: R X 6
R X 6
Failed: R X 6
W X (6,Ann,412-222-1111)
R X 6
(6, Ann, 412-222-1111)
M Y 412
Failed: M Y 412
W Y (10,Mary,412-333-3333)
W Y (11,Paul,412-444-4444)
M Y 412
[LLSM.Record;@5451c3a8
C

B 1
R X 5
Failed: R X 5
W X (5,John,412-111-2222)
R X 5
(5, John, 412-111-2222)
R X 6
Failed: R X 6
W X (5,Ben,412-111-2222)
R X 5
(5, Ben, 412-111-2222)
W X (6,Ann,412-222-1111)
R X 6
(6, Ann, 412-222-1111)
W X (6,Jack,412-222-1111)
W X (6,Mike,412-222-1111)
R X 6
(6, Mike, 412-222-1111)
E X 7
E X 6
R X 6
Failed: R X 6
R X 6
Failed: R X 6
W X (6,Ann,412-222-1111)
R X 6
(6, Ann, 412-222-1111)
M Y 412
Failed: M Y 412
W Y (10,Mary,412-333-3333)
W Y (11,Paul,412-444-4444)
M Y 412
[LLSM.Record;@27c170f0
A
B 1
R X 5
Failed: R X 5
W X (4,John,412-111-2222)
R X 5
Failed: R X 5
R X 6
Failed: R X 6
W X (5,Ben,412-111-2222)
R X 5
(5, Ben, 412-111-2222)
W X (6,Ann,412-222-1111)
R X 6
(6, Ann, 412-222-1111)
W X (6,Jack,412-222-1111)
W X (6,Mike,412-222-1111)
R X 6
(6, Mike, 412-222-1111)
E X 7
E X 6
R X 6
Failed: R X 6
R X 6
Failed: R X 6
W X (6,Ann,412-222-1111)
R X 6
(6, Ann, 412-222-1111)
M Y 412
Failed: M Y 412
W Y (10,Mary,412-333-3333)
W Y (11,Paul,412-444-4444)
M Y 412
[LLSM.Record;@5451c3a8
C

B 1
R X 5
Failed: R X 5
W X (5,John,412-111-2222)
R X 5
(5, John, 412-111-2222)
R X 6
Failed: R X 6
W X (5,Ben,412-111-2222)
R X 5
(5, Ben, 412-111-2222)
W X (6,Ann,412-222-1111)
R X 6
(6, Ann, 412-222-1111)
W X (6,Jack,412-222-1111)
W X (6,Mike,412-222-1111)
R X 6
(6, Mike, 412-222-1111)
E X 7
E X 6
R X 6
Failed: R X 6
R X 6
Failed: R X 6
W X (6,Ann,412-222-1111)
R X 6
(6, Ann, 412-222-1111)
M Y 412
Failed: M Y 412
W Y (10,Mary,412-333-3333)
W Y (11,Paul,412-444-4444)
M Y 412
[LLSM.Record;@27c170f0
A
B 1
R X 5
Failed: R X 5
W X (4,John,412-111-2222)
R X 5
Failed: R X 5
R X 6
Failed: R X 6
W X (5,Ben,412-111-2222)
R X 5
(5, Ben, 412-111-2222)
W X (6,Ann,412-222-1111)
R X 6
(6, Ann, 412-222-1111)
W X (6,Jack,412-222-1111)
W X (6,Mike,412-222-1111)
R X 6
(6, Mike, 412-222-1111)
E X 7
E X 6
R X 6
Failed: R X 6
R X 6
Failed: R X 6
W X (6,Ann,412-222-1111)
R X 6
(6, Ann, 412-222-1111)
M Y 412
Failed: M Y 412
W Y (10,Mary,412-333-3333)
W Y (11,Paul,412-444-4444)
M Y 412
[LLSM.Record;@5451c3a8
C

B 1
R X 5
Failed: R X 5
W X (5,John,412-111-2222)
R X 5
(5, John, 412-111-2222)
R X 6
Failed: R X 6
W X (5,Ben,412-111-2222)
R X 5
(5, Ben, 412-111-2222)
W X (6,Ann,412-222-1111)
R X 6
(6, Ann, 412-222-1111)
W X (6,Jack,412-222-1111)
W X (6,Mike,412-222-1111)
R X 6
(6, Mike, 412-222-1111)
E X 7
E X 6
R X 6
Failed: R X 6
R X 6
Failed: R X 6
W X (6,Ann,412-222-1111)
R X 6
(6, Ann, 412-222-1111)
M Y 412
Failed: M Y 412
W Y (10,Mary,412-333-3333)
W Y (11,Paul,412-444-4444)
M Y 412
[LLSM.Record;@27c170f0
A
B 1
R X 5
Failed: R X 5
W X (4,John,412-111-2222)
R X 5
Failed: R X 5
R X 6
Failed: R X 6
W X (5,Ben,412-111-2222)
R X 5
(5, Ben, 412-111-2222)
W X (6,Ann,412-222-1111)
R X 6
(6, Ann, 412-222-1111)
W X (6,Jack,412-222-1111)
W X (6,Mike,412-222-1111)
R X 6
(6, Mike, 412-222-1111)
E X 7
E X 6
R X 6
Failed: R X 6
R X 6
Failed: R X 6
W X (6,Ann,412-222-1111)
R X 6
(6, Ann, 412-222-1111)
M Y 412
Failed: M Y 412
W Y (10,Mary,412-333-3333)
W Y (11,Paul,412-444-4444)
M Y 412
[LLSM.Record;@5451c3a8
C

B 1
R X 5
Failed: R X 5
W X (5,John,412-111-2222)
R X 5
(5, John, 412-111-2222)
R X 6
Failed: R X 6
W X (5,Ben,412-111-2222)
R X 5
(5, Ben, 412-111-2222)
W X (6,Ann,412-222-1111)
R X 6
(6, Ann, 412-222-1111)
W X (6,Jack,412-222-1111)
W X (6,Mike,412-222-1111)
R X 6
(6, Mike, 412-222-1111)
E X 7
E X 6
R X 6
Failed: R X 6
R X 6
Failed: R X 6
W X (6,Ann,412-222-1111)
R X 6
(6, Ann, 412-222-1111)
M Y 412
Failed: M Y 412
W Y (10,Mary,412-333-3333)
W Y (11,Paul,412-444-4444)
M Y 412
[LLSM.Record;@27c170f0
A

B 1
R X 5
Failed: R X 5
W X (5,John,412-111-2222)
R X 5
(5, John, 412-111-2222)
R X 6
Failed: R X 6
W X (5,Ben,412-111-2222)
R X 5
(5, Ben, 412-111-2222)
W X (6,Ann,412-222-1111)
R X 6
(6, Ann, 412-222-1111)
W X (6,Jack,412-222-1111)
W X (6,Mike,412-222-1111)
R X 6
(6, Mike, 412-222-1111)
E X 7
E X 6
R X 6
Failed: R X 6
R X 6
Failed: R X 6
W X (6,Ann,412-222-1111)
R X 6
(6, Ann, 412-222-1111)
M Y 412
Failed: M Y 412
W Y (10,Mary,412-333-3333)
W Y (11,Paul,412-444-4444)
M Y 412
[LLSM.Record;@27c170f0
A

B 1
R X 5
Failed: R X 5
W X (5,John,412-111-2222)
R X 5
(5, John, 412-111-2222)
R X 6
Failed: R X 6
W X (5,Ben,412-111-2222)
R X 5
(5, Ben, 412-111-2222)
W X (6,Ann,412-222-1111)
R X 6
(6, Ann, 412-222-1111)
W X (6,Jack,412-222-1111)
W X (6,Mike,412-222-1111)
R X 6
(6, Mike, 412-222-1111)
E X 7
E X 6
R X 6
Failed: R X 6
R X 6
Failed: R X 6
W X (6,Ann,412-222-1111)
R X 6
(6, Ann, 412-222-1111)
M Y 412
Failed: M Y 412
W Y (10,Mary,412-333-3333)
W Y (11,Paul,412-444-4444)
M Y 412
[LLSM.Record;@27c170f0
A

B 1
R X 5
Failed: R X 5
W X (5,John,412-111-2222)
R X 5
(5, John, 412-111-2222)
R X 6
Failed: R X 6
W X (5,Ben,412-111-2222)
R X 5
(5, Ben, 412-111-2222)
W X (6,Ann,412-222-1111)
R X 6
(6, Ann, 412-222-1111)
W X (6,Jack,412-222-1111)
W X (6,Mike,412-222-1111)
R X 6
(6, Mike, 412-222-1111)
E X 7
E X 6
R X 6
Failed: R X 6
R X 6
Failed: R X 6
W X (6,Ann,412-222-1111)
R X 6
(6, Ann, 412-222-1111)
M Y 412
Failed: M Y 412
W Y (10,Mary,412-333-3333)
W Y (11,Paul,412-444-4444)
M Y 412
[LLSM.Record;@27c170f0
A

B 1
R X 5
Failed: R X 5
W X (5,John,412-111-2222)
R X 5
(5, John, 412-111-2222)
R X 6
Failed: R X 6
W X (5,Ben,412-111-2222)
R X 5
(5, Ben, 412-111-2222)
W X (6,Ann,412-222-1111)
R X 6
(6, Ann, 412-222-1111)
W X (6,Jack,412-222-1111)
W X (6,Mike,412-222-1111)
R X 6
(6, Mike, 412-222-1111)
E X 7
E X 6
R X 6
Failed: R X 6
R X 6
Failed: R X 6
W X (6,Ann,412-222-1111)
R X 6
(6, Ann, 412-222-1111)
M Y 412
Failed: M Y 412
W Y (10,Mary,412-333-3333)
W Y (11,Paul,412-444-4444)
M Y 412
[LLSM.Record;@27c170f0
C

B 0
B 1
R X 5
Failed: R X 5
R X 5
Failed: R X 5
W X (5,John,412-111-2222)
W X (5,John,412-111-2222)
W X (5,John,412-111-2222)
W X (5,John,412-111-2222)
W X (5,John,412-111-2222)
W X (5,John,412-111-2222)

B 0
B 1
R X 5
Failed: R X 5
R X 5
Failed: R X 5
W X (5,John,412-111-2222)
W X (5,John,412-111-2222)
W X (5,John,412-111-2222)
W X (5,John,412-111-2222)
W X (5,John,412-111-2222)
W X (5,John,412-111-2222)

R X 5
(5, John, 412-111-2222)
The end of the file script1.txt has been reached.
R X 6
Failed: R X 6
The end of the file script1.txt has been reached.
W X (5,Ben,412-111-2222)
The end of the file script1.txt has been reached.
R X 5
(5, Ben, 412-111-2222)
The end of the file script1.txt has been reached.
W X (6,Ann,412-222-1111)
The end of the file script1.txt has been reached.
R X 6
(6, Ann, 412-222-1111)
The end of the file script1.txt has been reached.
W X (6,Jack,412-222-1111)
The end of the file script1.txt has been reached.
W X (6,Mike,412-222-1111)
The end of the file script1.txt has been reached.
R X 6
(6, Mike, 412-222-1111)
The end of the file script1.txt has been reached.
E X 7
The end of the file script1.txt has been reached.
E X 6
The end of the file script1.txt has been reached.
R X 6
Failed: R X 6
The end of the file script1.txt has been reached.
R X 6
Failed: R X 6
The end of the file script1.txt has been reached.
W X (6,Ann,412-222-1111)
The end of the file script1.txt has been reached.
R X 6
(6, Ann, 412-222-1111)
The end of the file script1.txt has been reached.
M Y 412
Failed: M Y 412
The end of the file script1.txt has been reached.
W Y (10,Mary,412-333-3333)
The end of the file script1.txt has been reached.
W Y (11,Paul,412-444-4444)
The end of the file script1.txt has been reached.
M Y 412
[LLSM.Record;@5451c3a8
The end of the file script1.txt has been reached.
C
The end of the file script1.txt has been reached.

B 1
B 1
R X 5
Failed: R X 5
R X 5
Failed: R X 5
W X (5,John,412-111-2222)
W X (5,John,412-111-2222)
W X (5,John,412-111-2222)
W X (5,John,412-111-2222)
W X (5,John,412-111-2222)
W X (5,John,412-111-2222)

B 1
B 1
R X 5
Failed: R X 5
R X 5
Failed: R X 5
W X (5,John,412-111-2222)
W X (5,John,412-111-2222)
W X (5,John,412-111-2222)
W X (5,John,412-111-2222)
W X (5,John,412-111-2222)
W X (5,John,412-111-2222)

R X 5
(5, John, 412-111-2222)
The end of the file script1.txt has been reached.
R X 6
Failed: R X 6
The end of the file script1.txt has been reached.
W X (5,Ben,412-111-2222)
The end of the file script1.txt has been reached.
R X 5
(5, Ben, 412-111-2222)
The end of the file script1.txt has been reached.
W X (6,Ann,412-222-1111)
The end of the file script1.txt has been reached.
R X 6
(6, Ann, 412-222-1111)
The end of the file script1.txt has been reached.
W X (6,Jack,412-222-1111)
The end of the file script1.txt has been reached.
W X (6,Mike,412-222-1111)
The end of the file script1.txt has been reached.
R X 6
(6, Mike, 412-222-1111)
The end of the file script1.txt has been reached.
E X 7
The end of the file script1.txt has been reached.
E X 6
The end of the file script1.txt has been reached.
R X 6
Failed: R X 6
The end of the file script1.txt has been reached.
R X 6
Failed: R X 6
The end of the file script1.txt has been reached.
W X (6,Ann,412-222-1111)
The end of the file script1.txt has been reached.
R X 6
(6, Ann, 412-222-1111)
The end of the file script1.txt has been reached.
M Y 412
Failed: M Y 412
The end of the file script1.txt has been reached.
W Y (10,Mary,412-333-3333)
The end of the file script1.txt has been reached.
W Y (11,Paul,412-444-4444)
The end of the file script1.txt has been reached.
M Y 412
[LLSM.Record;@5451c3a8
The end of the file script1.txt has been reached.
C
The end of the file script1.txt has been reached.

-----------------------------new---------------------------------B 1
B 1
R X 5
Failed: R X 5
R X 5
Failed: R X 5
W X (5,John,412-111-2222)
W X (5,John,412-111-2222)
W X (5,John,412-111-2222)
W X (5,John,412-111-2222)
W X (5,John,412-111-2222)
W X (5,John,412-111-2222)

-----------------------------new---------------------------------B 1
B 1
R X 5
Failed: R X 5
R X 5
Failed: R X 5
W X (5,John,412-111-2222)
W X (5,John,412-111-2222)
W X (5,John,412-111-2222)
W X (5,John,412-111-2222)
W X (5,John,412-111-2222)
W X (5,John,412-111-2222)

R X 5
(5, John, 412-111-2222)
The end of the file script1.txt has been reached.
R X 6
Failed: R X 6
The end of the file script1.txt has been reached.
W X (5,Ben,412-111-2222)
The end of the file script1.txt has been reached.
R X 5
(5, Ben, 412-111-2222)
The end of the file script1.txt has been reached.
W X (6,Ann,412-222-1111)
The end of the file script1.txt has been reached.
R X 6
(6, Ann, 412-222-1111)
The end of the file script1.txt has been reached.
W X (6,Jack,412-222-1111)
The end of the file script1.txt has been reached.
W X (6,Mike,412-222-1111)
The end of the file script1.txt has been reached.
R X 6
(6, Mike, 412-222-1111)
The end of the file script1.txt has been reached.
E X 7
The end of the file script1.txt has been reached.
E X 6
The end of the file script1.txt has been reached.
R X 6
Failed: R X 6
The end of the file script1.txt has been reached.
R X 6
Failed: R X 6
The end of the file script1.txt has been reached.
W X (6,Ann,412-222-1111)
The end of the file script1.txt has been reached.
R X 6
(6, Ann, 412-222-1111)
The end of the file script1.txt has been reached.
M Y 412
Failed: M Y 412
The end of the file script1.txt has been reached.
W Y (10,Mary,412-333-3333)
The end of the file script1.txt has been reached.
W Y (11,Paul,412-444-4444)
The end of the file script1.txt has been reached.
M Y 412
[LLSM.Record;@5451c3a8
The end of the file script1.txt has been reached.
C
The end of the file script1.txt has been reached.

-----------------------------new--------------------------------- 
B 1
B 1
R X 5
Failed: R X 5
R X 5
Failed: R X 5
W X (5,John,412-111-2222)
W X (5,John,412-111-2222)
W X (5,John,412-111-2222)
W X (5,John,412-111-2222)
W X (5,John,412-111-2222)
W X (5,John,412-111-2222)

-----------------------------new--------------------------------- 
B 1
B 1
R X 5
Failed: R X 5
R X 5
Failed: R X 5
W X (5,John,412-111-2222)
W X (5,John,412-111-2222)
W X (5,John,412-111-2222)
W X (5,John,412-111-2222)
W X (5,John,412-111-2222)
W X (5,John,412-111-2222)

R X 5
(5, John, 412-111-2222)
The end of the file script1.txt has been reached.
R X 6
Failed: R X 6
The end of the file script1.txt has been reached.
W X (5,Ben,412-111-2222)
The end of the file script1.txt has been reached.
R X 5
(5, Ben, 412-111-2222)
The end of the file script1.txt has been reached.
W X (6,Ann,412-222-1111)
The end of the file script1.txt has been reached.
R X 6
(6, Ann, 412-222-1111)
The end of the file script1.txt has been reached.
W X (6,Jack,412-222-1111)
The end of the file script1.txt has been reached.
W X (6,Mike,412-222-1111)
The end of the file script1.txt has been reached.
R X 6
(6, Mike, 412-222-1111)
The end of the file script1.txt has been reached.
E X 7
The end of the file script1.txt has been reached.
E X 6
The end of the file script1.txt has been reached.
R X 6
Failed: R X 6
The end of the file script1.txt has been reached.
R X 6
Failed: R X 6
The end of the file script1.txt has been reached.
W X (6,Ann,412-222-1111)
The end of the file script1.txt has been reached.
R X 6
(6, Ann, 412-222-1111)
The end of the file script1.txt has been reached.
M Y 412
Failed: M Y 412
The end of the file script1.txt has been reached.
W Y (10,Mary,412-333-3333)
The end of the file script1.txt has been reached.
W Y (11,Paul,412-444-4444)
The end of the file script1.txt has been reached.
M Y 412
[LLSM.Record;@5451c3a8
The end of the file script1.txt has been reached.
C
The end of the file script1.txt has been reached.

-----------------------------new--------------------------------- 
B 1
B 1
R X 5
Failed: R X 5
R X 5
Failed: R X 5
W X (5,John,412-111-2222)
W X (5,John,412-111-2222)
W X (5,John,412-111-2222)
W X (5,John,412-111-2222)
W X (5,John,412-111-2222)
W X (5,John,412-111-2222)

-----------------------------new--------------------------------- 
B 1
B 1
R X 5
Failed: R X 5
R X 5
Failed: R X 5
W X (5,John,412-111-2222)
W X (5,John,412-111-2222)
W X (5,John,412-111-2222)
W X (5,John,412-111-2222)
W X (5,John,412-111-2222)
W X (5,John,412-111-2222)

R X 5
(5, John, 412-111-2222)
The end of the file script1.txt has been reached.
R X 6
Failed: R X 6
The end of the file script1.txt has been reached.
W X (5,Ben,412-111-2222)
The end of the file script1.txt has been reached.
R X 5
(5, Ben, 412-111-2222)
The end of the file script1.txt has been reached.
W X (6,Ann,412-222-1111)
The end of the file script1.txt has been reached.
R X 6
(6, Ann, 412-222-1111)
The end of the file script1.txt has been reached.
W X (6,Jack,412-222-1111)
The end of the file script1.txt has been reached.
W X (6,Mike,412-222-1111)
The end of the file script1.txt has been reached.
R X 6
(6, Mike, 412-222-1111)
The end of the file script1.txt has been reached.
E X 7
The end of the file script1.txt has been reached.
E X 6
The end of the file script1.txt has been reached.
R X 6
Failed: R X 6
The end of the file script1.txt has been reached.
R X 6
Failed: R X 6
The end of the file script1.txt has been reached.
W X (6,Ann,412-222-1111)
The end of the file script1.txt has been reached.
R X 6
(6, Ann, 412-222-1111)
The end of the file script1.txt has been reached.
M Y 412
Failed: M Y 412
The end of the file script1.txt has been reached.
W Y (10,Mary,412-333-3333)
The end of the file script1.txt has been reached.
W Y (11,Paul,412-444-4444)
The end of the file script1.txt has been reached.
M Y 412
[LLSM.Record;@7006c658
The end of the file script1.txt has been reached.
C
The end of the file script1.txt has been reached.

-----------------------------new--------------------------------- 
B 1
B 1
R X 5
Failed: R X 5
R X 5
Failed: R X 5
W X (1,John,412-111-2222)
W X (5,John,412-111-2222)
R X 5
W X (5,John,412-111-2222)
R X 5
W X (5,John,412-111-2222)

-----------------------------new--------------------------------- 
B 1
B 1
R X 5
Failed: R X 5
R X 5
Failed: R X 5
W X (1,John,412-111-2222)
W X (5,John,412-111-2222)
R X 5
W X (5,John,412-111-2222)
R X 5
W X (5,John,412-111-2222)

R X 5
(5, John, 412-111-2222)
The end of the file script1.txt has been reached.
R X 6
Failed: R X 6
The end of the file script1.txt has been reached.
W X (5,Ben,412-111-2222)
The end of the file script1.txt has been reached.
R X 5
(5, Ben, 412-111-2222)
The end of the file script1.txt has been reached.
W X (6,Ann,412-222-1111)
The end of the file script1.txt has been reached.
R X 6
(6, Ann, 412-222-1111)
The end of the file script1.txt has been reached.
W X (6,Jack,412-222-1111)
The end of the file script1.txt has been reached.
W X (6,Mike,412-222-1111)
The end of the file script1.txt has been reached.
R X 6
(6, Mike, 412-222-1111)
The end of the file script1.txt has been reached.
E X 7
The end of the file script1.txt has been reached.
E X 6
The end of the file script1.txt has been reached.
R X 6
Failed: R X 6
The end of the file script1.txt has been reached.
R X 6
Failed: R X 6
The end of the file script1.txt has been reached.
W X (6,Ann,412-222-1111)
The end of the file script1.txt has been reached.
R X 6
(6, Ann, 412-222-1111)
The end of the file script1.txt has been reached.
M Y 412
Failed: M Y 412
The end of the file script1.txt has been reached.
W Y (10,Mary,412-333-3333)
The end of the file script1.txt has been reached.
W Y (11,Paul,412-444-4444)
The end of the file script1.txt has been reached.
M Y 412
[LLSM.Record;@5451c3a8
The end of the file script1.txt has been reached.
C
The end of the file script1.txt has been reached.

-----------------------------new--------------------------------- 
B 1
B 1
R X 5
Failed: R X 5
R X 5
Failed: R X 5
W X (1,John,412-111-2222)
W X (5,John,412-111-2222)
R X 5
W X (5,John,412-111-2222)
R X 5
W X (5,John,412-111-2222)

-----------------------------new--------------------------------- 
B 1
B 1
R X 5
Failed: R X 5
R X 5
Failed: R X 5
W X (1,John,412-111-2222)
W X (5,John,412-111-2222)
R X 5
W X (5,John,412-111-2222)
R X 5
W X (5,John,412-111-2222)

R X 5
(5, John, 412-111-2222)
The end of the file script1.txt has been reached.
R X 6
Failed: R X 6
The end of the file script1.txt has been reached.
W X (5,Ben,412-111-2222)
The end of the file script1.txt has been reached.
R X 5
(5, Ben, 412-111-2222)
The end of the file script1.txt has been reached.
W X (6,Ann,412-222-1111)
The end of the file script1.txt has been reached.
R X 6
(6, Ann, 412-222-1111)
The end of the file script1.txt has been reached.
W X (6,Jack,412-222-1111)
The end of the file script1.txt has been reached.
W X (6,Mike,412-222-1111)
The end of the file script1.txt has been reached.
R X 6
(6, Mike, 412-222-1111)
The end of the file script1.txt has been reached.
E X 7
The end of the file script1.txt has been reached.
E X 6
The end of the file script1.txt has been reached.
R X 6
Failed: R X 6
The end of the file script1.txt has been reached.
R X 6
Failed: R X 6
The end of the file script1.txt has been reached.
W X (6,Ann,412-222-1111)
The end of the file script1.txt has been reached.
R X 6
(6, Ann, 412-222-1111)
The end of the file script1.txt has been reached.
M Y 412
Failed: M Y 412
The end of the file script1.txt has been reached.
W Y (10,Mary,412-333-3333)
The end of the file script1.txt has been reached.
W Y (11,Paul,412-444-4444)
The end of the file script1.txt has been reached.
M Y 412
[LLSM.Record;@5451c3a8
The end of the file script1.txt has been reached.
C
The end of the file script1.txt has been reached.

-----------------------------new--------------------------------- 
B 1
B 1
R X 5
Failed: R X 5
R X 5
Failed: R X 5
W X (1,John,412-111-2222)
W X (5,John,412-111-2222)
R X 5
W X (5,John,412-111-2222)
R X 5
W X (5,John,412-111-2222)

-----------------------------new--------------------------------- 
B 1
B 1
R X 5
Failed: R X 5
R X 5
Failed: R X 5
W X (1,John,412-111-2222)
W X (5,John,412-111-2222)
R X 5
W X (5,John,412-111-2222)
R X 5
W X (5,John,412-111-2222)

R X 5
(5, John, 412-111-2222)
The end of the file script1.txt has been reached.
R X 6
Failed: R X 6
The end of the file script1.txt has been reached.
W X (5,Ben,412-111-2222)
The end of the file script1.txt has been reached.
R X 5
(5, Ben, 412-111-2222)
The end of the file script1.txt has been reached.
W X (6,Ann,412-222-1111)
The end of the file script1.txt has been reached.
R X 6
(6, Ann, 412-222-1111)
The end of the file script1.txt has been reached.
W X (6,Jack,412-222-1111)
The end of the file script1.txt has been reached.
W X (6,Mike,412-222-1111)
The end of the file script1.txt has been reached.
R X 6
(6, Mike, 412-222-1111)
The end of the file script1.txt has been reached.
E X 7
The end of the file script1.txt has been reached.
E X 6
The end of the file script1.txt has been reached.
R X 6
Failed: R X 6
The end of the file script1.txt has been reached.
R X 6
Failed: R X 6
The end of the file script1.txt has been reached.
W X (6,Ann,412-222-1111)
The end of the file script1.txt has been reached.
R X 6
(6, Ann, 412-222-1111)
The end of the file script1.txt has been reached.
M Y 412
Failed: M Y 412
The end of the file script1.txt has been reached.
W Y (10,Mary,412-333-3333)
The end of the file script1.txt has been reached.
W Y (11,Paul,412-444-4444)
The end of the file script1.txt has been reached.
M Y 412
[LLSM.Record;@5451c3a8
The end of the file script1.txt has been reached.
C
The end of the file script1.txt has been reached.

-----------------------------new--------------------------------- 
B 1
B 1
R X 5
Failed: R X 5
R X 5
Failed: R X 5
W X (1,John,412-111-2222)
W X (5,John,412-111-2222)
R X 5
W X (5,John,412-111-2222)
R X 5
W X (5,John,412-111-2222)

-----------------------------new--------------------------------- 
B 1
B 1
R X 5
Failed: R X 5
R X 5
Failed: R X 5
W X (1,John,412-111-2222)
W X (5,John,412-111-2222)
R X 5
W X (5,John,412-111-2222)
R X 5
W X (5,John,412-111-2222)

R X 5
(5, John, 412-111-2222)
The end of the file script1.txt has been reached.
R X 6
Failed: R X 6
The end of the file script1.txt has been reached.
W X (5,Ben,412-111-2222)
The end of the file script1.txt has been reached.
R X 5
(5, Ben, 412-111-2222)
The end of the file script1.txt has been reached.
W X (6,Ann,412-222-1111)
The end of the file script1.txt has been reached.
R X 6
(6, Ann, 412-222-1111)
The end of the file script1.txt has been reached.
W X (6,Jack,412-222-1111)
The end of the file script1.txt has been reached.
W X (6,Mike,412-222-1111)
The end of the file script1.txt has been reached.
R X 6
(6, Mike, 412-222-1111)
The end of the file script1.txt has been reached.
E X 7
The end of the file script1.txt has been reached.
E X 6
The end of the file script1.txt has been reached.
R X 6
Failed: R X 6
The end of the file script1.txt has been reached.
R X 6
Failed: R X 6
The end of the file script1.txt has been reached.
W X (6,Ann,412-222-1111)
The end of the file script1.txt has been reached.
R X 6
(6, Ann, 412-222-1111)
The end of the file script1.txt has been reached.
M Y 412
Failed: M Y 412
The end of the file script1.txt has been reached.
W Y (10,Mary,412-333-3333)
The end of the file script1.txt has been reached.
W Y (11,Paul,412-444-4444)
The end of the file script1.txt has been reached.
M Y 412
[LLSM.Record;@5451c3a8
The end of the file script1.txt has been reached.
C
The end of the file script1.txt has been reached.

-----------------------------new--------------------------------- 
B 1
B 1
R X 5
Failed: R X 5
R X 5
Failed: R X 5
W X (1,John,412-111-2222)
W X (5,John,412-111-2222)
R X 5
W X (5,John,412-111-2222)
R X 5
W X (5,John,412-111-2222)

-----------------------------new--------------------------------- 
B 1
B 1
R X 5
Failed: R X 5
R X 5
Failed: R X 5
W X (1,John,412-111-2222)
W X (5,John,412-111-2222)
R X 5
W X (5,John,412-111-2222)
R X 5
W X (5,John,412-111-2222)

R X 5
(5, John, 412-111-2222)
The end of the file script1.txt has been reached.
R X 6
Failed: R X 6
The end of the file script1.txt has been reached.
W X (5,Ben,412-111-2222)
The end of the file script1.txt has been reached.
R X 5
(5, Ben, 412-111-2222)
The end of the file script1.txt has been reached.
W X (6,Ann,412-222-1111)
The end of the file script1.txt has been reached.
R X 6
(6, Ann, 412-222-1111)
The end of the file script1.txt has been reached.
W X (6,Jack,412-222-1111)
The end of the file script1.txt has been reached.
W X (6,Mike,412-222-1111)
The end of the file script1.txt has been reached.
R X 6
(6, Mike, 412-222-1111)
The end of the file script1.txt has been reached.
E X 7
The end of the file script1.txt has been reached.
E X 6
The end of the file script1.txt has been reached.
R X 6
Failed: R X 6
The end of the file script1.txt has been reached.
R X 6
Failed: R X 6
The end of the file script1.txt has been reached.
W X (6,Ann,412-222-1111)
The end of the file script1.txt has been reached.
R X 6
(6, Ann, 412-222-1111)
The end of the file script1.txt has been reached.
M Y 412
Failed: M Y 412
The end of the file script1.txt has been reached.
W Y (10,Mary,412-333-3333)
The end of the file script1.txt has been reached.
W Y (11,Paul,412-444-4444)
The end of the file script1.txt has been reached.
M Y 412
[LLSM.Record;@5451c3a8
The end of the file script1.txt has been reached.
C
The end of the file script1.txt has been reached.

-----------------------------new--------------------------------- 
B 1
B 1
R X 5
Failed: R X 5
R X 5
Failed: R X 5
W X (1,John,412-111-2222)
W X (5,John,412-111-2222)
R X 5
W X (5,John,412-111-2222)
R X 5
W X (5,John,412-111-2222)

-----------------------------new--------------------------------- 
B 1
B 1
R X 5
Failed: R X 5
R X 5
Failed: R X 5
W X (1,John,412-111-2222)
W X (5,John,412-111-2222)
R X 5
W X (5,John,412-111-2222)
R X 5
W X (5,John,412-111-2222)

R X 5
(5, John, 412-111-2222)
The end of the file script1.txt has been reached.
R X 6
Failed: R X 6
The end of the file script1.txt has been reached.
W X (5,Ben,412-111-2222)
The end of the file script1.txt has been reached.
R X 5
(5, Ben, 412-111-2222)
The end of the file script1.txt has been reached.
W X (6,Ann,412-222-1111)
The end of the file script1.txt has been reached.
R X 6
(6, Ann, 412-222-1111)
The end of the file script1.txt has been reached.
W X (6,Jack,412-222-1111)
The end of the file script1.txt has been reached.
W X (6,Mike,412-222-1111)
The end of the file script1.txt has been reached.
R X 6
(6, Mike, 412-222-1111)
The end of the file script1.txt has been reached.
E X 7
The end of the file script1.txt has been reached.
E X 6
The end of the file script1.txt has been reached.
R X 6
Failed: R X 6
The end of the file script1.txt has been reached.
R X 6
Failed: R X 6
The end of the file script1.txt has been reached.
W X (6,Ann,412-222-1111)
The end of the file script1.txt has been reached.
R X 6
(6, Ann, 412-222-1111)
The end of the file script1.txt has been reached.
M Y 412
Failed: M Y 412
The end of the file script1.txt has been reached.
W Y (10,Mary,412-333-3333)
The end of the file script1.txt has been reached.
W Y (11,Paul,412-444-4444)
The end of the file script1.txt has been reached.
M Y 412
[LLSM.Record;@5451c3a8
The end of the file script1.txt has been reached.
C
Failed: C
The end of the file script1.txt has been reached.

-----------------------------new--------------------------------- 
B 1
B 1
R X 5
Failed: R X 5
R X 5
Failed: R X 5
W X (1,John,412-111-2222)
W X (5,John,412-111-2222)
R X 5
W X (5,John,412-111-2222)
R X 5
W X (5,John,412-111-2222)

-----------------------------new--------------------------------- 
B 1
B 1
R X 5
Failed: R X 5
R X 5
Failed: R X 5
W X (1,John,412-111-2222)
W X (5,John,412-111-2222)
R X 5
W X (5,John,412-111-2222)
R X 5
W X (5,John,412-111-2222)

R X 5
(5, John, 412-111-2222)
The end of the file script1.txt has been reached.
R X 6
Failed: R X 6
The end of the file script1.txt has been reached.
W X (5,Ben,412-111-2222)
The end of the file script1.txt has been reached.
R X 5
(5, Ben, 412-111-2222)
The end of the file script1.txt has been reached.
W X (6,Ann,412-222-1111)
The end of the file script1.txt has been reached.
R X 6
(6, Ann, 412-222-1111)
The end of the file script1.txt has been reached.
W X (6,Jack,412-222-1111)
The end of the file script1.txt has been reached.
W X (6,Mike,412-222-1111)
The end of the file script1.txt has been reached.
R X 6
(6, Mike, 412-222-1111)
The end of the file script1.txt has been reached.
E X 7
The end of the file script1.txt has been reached.
E X 6
The end of the file script1.txt has been reached.
R X 6
Failed: R X 6
The end of the file script1.txt has been reached.
R X 6
Failed: R X 6
The end of the file script1.txt has been reached.
W X (6,Ann,412-222-1111)
The end of the file script1.txt has been reached.
R X 6
(6, Ann, 412-222-1111)
The end of the file script1.txt has been reached.
M Y 412
Failed: M Y 412
The end of the file script1.txt has been reached.
W Y (10,Mary,412-333-3333)
The end of the file script1.txt has been reached.
W Y (11,Paul,412-444-4444)
The end of the file script1.txt has been reached.
M Y 412
[LLSM.Record;@5451c3a8
The end of the file script1.txt has been reached.
C
The end of the file script1.txt has been reached.

-----------------------------new--------------------------------- 
B 1
B 1
R X 5
Failed: R X 5
R X 5
Failed: R X 5
W X (1,John,412-111-2222)
W X (5,John,412-111-2222)
R X 5
W X (5,John,412-111-2222)
R X 5
W X (5,John,412-111-2222)

-----------------------------new--------------------------------- 
B 1
B 1
R X 5
Failed: R X 5
R X 5
Failed: R X 5
W X (1,John,412-111-2222)
W X (5,John,412-111-2222)
R X 5
W X (5,John,412-111-2222)
R X 5
W X (5,John,412-111-2222)

R X 5
(5, John, 412-111-2222)
The end of the file script1.txt has been reached.
R X 6
Failed: R X 6
The end of the file script1.txt has been reached.
W X (5,Ben,412-111-2222)
The end of the file script1.txt has been reached.
R X 5
(5, Ben, 412-111-2222)
The end of the file script1.txt has been reached.
W X (6,Ann,412-222-1111)
The end of the file script1.txt has been reached.
R X 6
(6, Ann, 412-222-1111)
The end of the file script1.txt has been reached.
W X (6,Jack,412-222-1111)
The end of the file script1.txt has been reached.
W X (6,Mike,412-222-1111)
The end of the file script1.txt has been reached.
R X 6
(6, Mike, 412-222-1111)
The end of the file script1.txt has been reached.
E X 7
The end of the file script1.txt has been reached.
E X 6
The end of the file script1.txt has been reached.
R X 6
Failed: R X 6
The end of the file script1.txt has been reached.
R X 6
Failed: R X 6
The end of the file script1.txt has been reached.
W X (6,Ann,412-222-1111)
The end of the file script1.txt has been reached.
R X 6
(6, Ann, 412-222-1111)
The end of the file script1.txt has been reached.
M Y 412
Failed: M Y 412
The end of the file script1.txt has been reached.
W Y (10,Mary,412-333-3333)
The end of the file script1.txt has been reached.
W Y (11,Paul,412-444-4444)
The end of the file script1.txt has been reached.
M Y 412
[LLSM.Record;@5451c3a8
The end of the file script1.txt has been reached.
C
The end of the file script1.txt has been reached.

